This file contains any messages produced by compilers while
running configure, to aid debugging if configure makes a mistake.

It was created by lessfs configure 1.0.8, which was
generated by GNU Autoconf 2.64.  Invocation command line was

  $ ./configure 

## --------- ##
## Platform. ##
## --------- ##

hostname = jupiter
uname -m = i686
uname -r = 2.6.31-20-generic
uname -s = Linux
uname -v = #58-Ubuntu SMP Fri Mar 12 05:23:09 UTC 2010

/usr/bin/uname -p = unknown
/bin/uname -X     = unknown

/bin/arch              = unknown
/usr/bin/arch -k       = unknown
/usr/convex/getsysinfo = unknown
/usr/bin/hostinfo      = unknown
/bin/machine           = unknown
/usr/bin/oslevel       = unknown
/bin/universe          = unknown

PATH: /usr/local/sbin
PATH: /usr/local/bin
PATH: /usr/sbin
PATH: /usr/bin
PATH: /sbin
PATH: /bin


## ----------- ##
## Core tests. ##
## ----------- ##

configure:2274: checking for a BSD-compatible install
configure:2342: result: /usr/bin/install -c
configure:2353: checking whether build environment is sane
configure:2390: result: yes
configure:2452: checking for gawk
configure:2468: found /usr/bin/gawk
configure:2479: result: gawk
configure:2490: checking whether make sets $(MAKE)
configure:2512: result: yes
configure:2744: checking for gcc
configure:2760: found /usr/bin/gcc
configure:2771: result: gcc
configure:3000: checking for C compiler version
configure:3009: gcc --version >&5
gcc (Ubuntu 4.4.1-4ubuntu9) 4.4.1
Copyright (C) 2009 Free Software Foundation, Inc.
This is free software; see the source for copying conditions.  There is NO
warranty; not even for MERCHANTABILITY or FITNESS FOR A PARTICULAR PURPOSE.

configure:3020: $? = 0
configure:3009: gcc -v >&5
Using built-in specs.
Target: i486-linux-gnu
Configured with: ../src/configure -v --with-pkgversion='Ubuntu 4.4.1-4ubuntu9' --with-bugurl=file:///usr/share/doc/gcc-4.4/README.Bugs --enable-languages=c,c++,fortran,objc,obj-c++ --prefix=/usr --enable-shared --enable-multiarch --enable-linker-build-id --with-system-zlib --libexecdir=/usr/lib --without-included-gettext --enable-threads=posix --with-gxx-include-dir=/usr/include/c++/4.4 --program-suffix=-4.4 --enable-nls --enable-clocale=gnu --enable-libstdcxx-debug --enable-objc-gc --enable-targets=all --disable-werror --with-arch-32=i486 --with-tune=generic --enable-checking=release --build=i486-linux-gnu --host=i486-linux-gnu --target=i486-linux-gnu
Thread model: posix
gcc version 4.4.1 (Ubuntu 4.4.1-4ubuntu9) 
configure:3020: $? = 0
configure:3009: gcc -V >&5
gcc: '-V' option must have argument
configure:3020: $? = 1
configure:3009: gcc -qversion >&5
gcc: unrecognized option '-qversion'
gcc: no input files
configure:3020: $? = 1
configure:3042: checking for C compiler default output file name
configure:3064: gcc    conftest.c  >&5
configure:3068: $? = 0
configure:3105: result: a.out
configure:3121: checking whether the C compiler works
configure:3130: ./a.out
configure:3134: $? = 0
configure:3149: result: yes
configure:3156: checking whether we are cross compiling
configure:3158: result: no
configure:3161: checking for suffix of executables
configure:3168: gcc -o conftest    conftest.c  >&5
configure:3172: $? = 0
configure:3194: result: 
configure:3200: checking for suffix of object files
configure:3222: gcc -c   conftest.c >&5
configure:3226: $? = 0
configure:3247: result: o
configure:3251: checking whether we are using the GNU C compiler
configure:3270: gcc -c   conftest.c >&5
configure:3270: $? = 0
configure:3279: result: yes
configure:3288: checking whether gcc accepts -g
configure:3308: gcc -c -g  conftest.c >&5
configure:3308: $? = 0
configure:3349: result: yes
configure:3366: checking for gcc option to accept ISO C89
configure:3430: gcc  -c -g -O2  conftest.c >&5
configure:3430: $? = 0
configure:3443: result: none needed
configure:3474: checking for style of include used by make
configure:3502: result: GNU
configure:3530: checking dependency style of gcc
configure:3620: result: gcc3
configure:3645: checking how to run the C preprocessor
configure:3676: gcc -E  conftest.c
configure:3676: $? = 0
configure:3690: gcc -E  conftest.c
conftest.c:11:28: error: ac_nonexistent.h: No such file or directory
configure:3690: $? = 1
configure: failed program was:
| /* confdefs.h */
| #define PACKAGE_NAME "lessfs"
| #define PACKAGE_TARNAME "lessfs"
| #define PACKAGE_VERSION "1.0.8"
| #define PACKAGE_STRING "lessfs 1.0.8"
| #define PACKAGE_BUGREPORT "bugs@lessfs.com"
| #define PACKAGE_URL ""
| #define PACKAGE "lessfs"
| #define VERSION "1.0.8"
| /* end confdefs.h.  */
| #include <ac_nonexistent.h>
configure:3715: result: gcc -E
configure:3735: gcc -E  conftest.c
configure:3735: $? = 0
configure:3749: gcc -E  conftest.c
conftest.c:11:28: error: ac_nonexistent.h: No such file or directory
configure:3749: $? = 1
configure: failed program was:
| /* confdefs.h */
| #define PACKAGE_NAME "lessfs"
| #define PACKAGE_TARNAME "lessfs"
| #define PACKAGE_VERSION "1.0.8"
| #define PACKAGE_STRING "lessfs 1.0.8"
| #define PACKAGE_BUGREPORT "bugs@lessfs.com"
| #define PACKAGE_URL ""
| #define PACKAGE "lessfs"
| #define VERSION "1.0.8"
| /* end confdefs.h.  */
| #include <ac_nonexistent.h>
configure:3778: checking for grep that handles long lines and -e
configure:3836: result: /bin/grep
configure:3841: checking for egrep
configure:3903: result: /bin/grep -E
configure:3908: checking for ANSI C header files
configure:3928: gcc -c -g -O2  conftest.c >&5
configure:3928: $? = 0
configure:4001: gcc -o conftest -g -O2   conftest.c  >&5
configure:4001: $? = 0
configure:4001: ./conftest
configure:4001: $? = 0
configure:4012: result: yes
configure:4025: checking for sys/types.h
configure:4025: gcc -c -g -O2  conftest.c >&5
configure:4025: $? = 0
configure:4025: result: yes
configure:4025: checking for sys/stat.h
configure:4025: gcc -c -g -O2  conftest.c >&5
configure:4025: $? = 0
configure:4025: result: yes
configure:4025: checking for stdlib.h
configure:4025: gcc -c -g -O2  conftest.c >&5
configure:4025: $? = 0
configure:4025: result: yes
configure:4025: checking for string.h
configure:4025: gcc -c -g -O2  conftest.c >&5
configure:4025: $? = 0
configure:4025: result: yes
configure:4025: checking for memory.h
configure:4025: gcc -c -g -O2  conftest.c >&5
configure:4025: $? = 0
configure:4025: result: yes
configure:4025: checking for strings.h
configure:4025: gcc -c -g -O2  conftest.c >&5
configure:4025: $? = 0
configure:4025: result: yes
configure:4025: checking for inttypes.h
configure:4025: gcc -c -g -O2  conftest.c >&5
configure:4025: $? = 0
configure:4025: result: yes
configure:4025: checking for stdint.h
configure:4025: gcc -c -g -O2  conftest.c >&5
configure:4025: $? = 0
configure:4025: result: yes
configure:4025: checking for unistd.h
configure:4025: gcc -c -g -O2  conftest.c >&5
configure:4025: $? = 0
configure:4025: result: yes
configure:4040: checking for working alloca.h
configure:4057: gcc -o conftest -g -O2   conftest.c  >&5
configure:4057: $? = 0
configure:4065: result: yes
configure:4073: checking for alloca
configure:4110: gcc -o conftest -g -O2   conftest.c  >&5
configure:4110: $? = 0
configure:4118: result: yes
configure:4231: checking for dirent.h that defines DIR
configure:4250: gcc -c -g -O2  conftest.c >&5
configure:4250: $? = 0
configure:4258: result: yes
configure:4272: checking for library containing opendir
configure:4303: gcc -o conftest -g -O2   conftest.c  >&5
configure:4303: $? = 0
configure:4320: result: none required
configure:4387: checking for ANSI C header files
configure:4491: result: yes
configure:4502: checking whether gcc and cc understand -c and -o together
configure:4533: gcc -c conftest.c -o conftest2.o >&5
configure:4537: $? = 0
configure:4543: gcc -c conftest.c -o conftest2.o >&5
configure:4547: $? = 0
configure:4558: cc -c conftest.c >&5
configure:4562: $? = 0
configure:4570: cc -c conftest.c -o conftest2.o >&5
configure:4574: $? = 0
configure:4580: cc -c conftest.c -o conftest2.o >&5
configure:4584: $? = 0
configure:4602: result: yes
configure:4625: checking for stdbool.h that conforms to C99
configure:4710: gcc -c -g -O2  conftest.c >&5
configure:4710: $? = 0
configure:4717: result: yes
configure:4719: checking for _Bool
configure:4719: gcc -c -g -O2  conftest.c >&5
configure:4719: $? = 0
configure:4719: gcc -c -g -O2  conftest.c >&5
conftest.c: In function 'main':
conftest.c:61: error: expected expression before ')' token
configure:4719: $? = 1
configure: failed program was:
| /* confdefs.h */
| #define PACKAGE_NAME "lessfs"
| #define PACKAGE_TARNAME "lessfs"
| #define PACKAGE_VERSION "1.0.8"
| #define PACKAGE_STRING "lessfs 1.0.8"
| #define PACKAGE_BUGREPORT "bugs@lessfs.com"
| #define PACKAGE_URL ""
| #define PACKAGE "lessfs"
| #define VERSION "1.0.8"
| #define STDC_HEADERS 1
| #define HAVE_SYS_TYPES_H 1
| #define HAVE_SYS_STAT_H 1
| #define HAVE_STDLIB_H 1
| #define HAVE_STRING_H 1
| #define HAVE_MEMORY_H 1
| #define HAVE_STRINGS_H 1
| #define HAVE_INTTYPES_H 1
| #define HAVE_STDINT_H 1
| #define HAVE_UNISTD_H 1
| #define HAVE_ALLOCA_H 1
| #define HAVE_ALLOCA 1
| #define HAVE_DIRENT_H 1
| #define STDC_HEADERS 1
| /* end confdefs.h.  */
| #include <stdio.h>
| #ifdef HAVE_SYS_TYPES_H
| # include <sys/types.h>
| #endif
| #ifdef HAVE_SYS_STAT_H
| # include <sys/stat.h>
| #endif
| #ifdef STDC_HEADERS
| # include <stdlib.h>
| # include <stddef.h>
| #else
| # ifdef HAVE_STDLIB_H
| #  include <stdlib.h>
| # endif
| #endif
| #ifdef HAVE_STRING_H
| # if !defined STDC_HEADERS && defined HAVE_MEMORY_H
| #  include <memory.h>
| # endif
| # include <string.h>
| #endif
| #ifdef HAVE_STRINGS_H
| # include <strings.h>
| #endif
| #ifdef HAVE_INTTYPES_H
| # include <inttypes.h>
| #endif
| #ifdef HAVE_STDINT_H
| # include <stdint.h>
| #endif
| #ifdef HAVE_UNISTD_H
| # include <unistd.h>
| #endif
| int
| main ()
| {
| if (sizeof ((_Bool)))
| 	    return 0;
|   ;
|   return 0;
| }
configure:4719: result: yes
configure:4735: checking for an ANSI C-conforming const
configure:4800: gcc -c -g -O2  conftest.c >&5
configure:4800: $? = 0
configure:4807: result: yes
configure:4815: checking for uid_t in sys/types.h
configure:4834: result: yes
configure:4845: checking for mode_t
configure:4845: gcc -c -g -O2  conftest.c >&5
configure:4845: $? = 0
configure:4845: gcc -c -g -O2  conftest.c >&5
conftest.c: In function 'main':
conftest.c:63: error: expected expression before ')' token
configure:4845: $? = 1
configure: failed program was:
| /* confdefs.h */
| #define PACKAGE_NAME "lessfs"
| #define PACKAGE_TARNAME "lessfs"
| #define PACKAGE_VERSION "1.0.8"
| #define PACKAGE_STRING "lessfs 1.0.8"
| #define PACKAGE_BUGREPORT "bugs@lessfs.com"
| #define PACKAGE_URL ""
| #define PACKAGE "lessfs"
| #define VERSION "1.0.8"
| #define STDC_HEADERS 1
| #define HAVE_SYS_TYPES_H 1
| #define HAVE_SYS_STAT_H 1
| #define HAVE_STDLIB_H 1
| #define HAVE_STRING_H 1
| #define HAVE_MEMORY_H 1
| #define HAVE_STRINGS_H 1
| #define HAVE_INTTYPES_H 1
| #define HAVE_STDINT_H 1
| #define HAVE_UNISTD_H 1
| #define HAVE_ALLOCA_H 1
| #define HAVE_ALLOCA 1
| #define HAVE_DIRENT_H 1
| #define STDC_HEADERS 1
| #define HAVE__BOOL 1
| #define HAVE_STDBOOL_H 1
| /* end confdefs.h.  */
| #include <stdio.h>
| #ifdef HAVE_SYS_TYPES_H
| # include <sys/types.h>
| #endif
| #ifdef HAVE_SYS_STAT_H
| # include <sys/stat.h>
| #endif
| #ifdef STDC_HEADERS
| # include <stdlib.h>
| # include <stddef.h>
| #else
| # ifdef HAVE_STDLIB_H
| #  include <stdlib.h>
| # endif
| #endif
| #ifdef HAVE_STRING_H
| # if !defined STDC_HEADERS && defined HAVE_MEMORY_H
| #  include <memory.h>
| # endif
| # include <string.h>
| #endif
| #ifdef HAVE_STRINGS_H
| # include <strings.h>
| #endif
| #ifdef HAVE_INTTYPES_H
| # include <inttypes.h>
| #endif
| #ifdef HAVE_STDINT_H
| # include <stdint.h>
| #endif
| #ifdef HAVE_UNISTD_H
| # include <unistd.h>
| #endif
| int
| main ()
| {
| if (sizeof ((mode_t)))
| 	    return 0;
|   ;
|   return 0;
| }
configure:4845: result: yes
configure:4856: checking for off_t
configure:4856: gcc -c -g -O2  conftest.c >&5
configure:4856: $? = 0
configure:4856: gcc -c -g -O2  conftest.c >&5
conftest.c: In function 'main':
conftest.c:63: error: expected expression before ')' token
configure:4856: $? = 1
configure: failed program was:
| /* confdefs.h */
| #define PACKAGE_NAME "lessfs"
| #define PACKAGE_TARNAME "lessfs"
| #define PACKAGE_VERSION "1.0.8"
| #define PACKAGE_STRING "lessfs 1.0.8"
| #define PACKAGE_BUGREPORT "bugs@lessfs.com"
| #define PACKAGE_URL ""
| #define PACKAGE "lessfs"
| #define VERSION "1.0.8"
| #define STDC_HEADERS 1
| #define HAVE_SYS_TYPES_H 1
| #define HAVE_SYS_STAT_H 1
| #define HAVE_STDLIB_H 1
| #define HAVE_STRING_H 1
| #define HAVE_MEMORY_H 1
| #define HAVE_STRINGS_H 1
| #define HAVE_INTTYPES_H 1
| #define HAVE_STDINT_H 1
| #define HAVE_UNISTD_H 1
| #define HAVE_ALLOCA_H 1
| #define HAVE_ALLOCA 1
| #define HAVE_DIRENT_H 1
| #define STDC_HEADERS 1
| #define HAVE__BOOL 1
| #define HAVE_STDBOOL_H 1
| /* end confdefs.h.  */
| #include <stdio.h>
| #ifdef HAVE_SYS_TYPES_H
| # include <sys/types.h>
| #endif
| #ifdef HAVE_SYS_STAT_H
| # include <sys/stat.h>
| #endif
| #ifdef STDC_HEADERS
| # include <stdlib.h>
| # include <stddef.h>
| #else
| # ifdef HAVE_STDLIB_H
| #  include <stdlib.h>
| # endif
| #endif
| #ifdef HAVE_STRING_H
| # if !defined STDC_HEADERS && defined HAVE_MEMORY_H
| #  include <memory.h>
| # endif
| # include <string.h>
| #endif
| #ifdef HAVE_STRINGS_H
| # include <strings.h>
| #endif
| #ifdef HAVE_INTTYPES_H
| # include <inttypes.h>
| #endif
| #ifdef HAVE_STDINT_H
| # include <stdint.h>
| #endif
| #ifdef HAVE_UNISTD_H
| # include <unistd.h>
| #endif
| int
| main ()
| {
| if (sizeof ((off_t)))
| 	    return 0;
|   ;
|   return 0;
| }
configure:4856: result: yes
configure:4867: checking for pid_t
configure:4867: gcc -c -g -O2  conftest.c >&5
configure:4867: $? = 0
configure:4867: gcc -c -g -O2  conftest.c >&5
conftest.c: In function 'main':
conftest.c:63: error: expected expression before ')' token
configure:4867: $? = 1
configure: failed program was:
| /* confdefs.h */
| #define PACKAGE_NAME "lessfs"
| #define PACKAGE_TARNAME "lessfs"
| #define PACKAGE_VERSION "1.0.8"
| #define PACKAGE_STRING "lessfs 1.0.8"
| #define PACKAGE_BUGREPORT "bugs@lessfs.com"
| #define PACKAGE_URL ""
| #define PACKAGE "lessfs"
| #define VERSION "1.0.8"
| #define STDC_HEADERS 1
| #define HAVE_SYS_TYPES_H 1
| #define HAVE_SYS_STAT_H 1
| #define HAVE_STDLIB_H 1
| #define HAVE_STRING_H 1
| #define HAVE_MEMORY_H 1
| #define HAVE_STRINGS_H 1
| #define HAVE_INTTYPES_H 1
| #define HAVE_STDINT_H 1
| #define HAVE_UNISTD_H 1
| #define HAVE_ALLOCA_H 1
| #define HAVE_ALLOCA 1
| #define HAVE_DIRENT_H 1
| #define STDC_HEADERS 1
| #define HAVE__BOOL 1
| #define HAVE_STDBOOL_H 1
| /* end confdefs.h.  */
| #include <stdio.h>
| #ifdef HAVE_SYS_TYPES_H
| # include <sys/types.h>
| #endif
| #ifdef HAVE_SYS_STAT_H
| # include <sys/stat.h>
| #endif
| #ifdef STDC_HEADERS
| # include <stdlib.h>
| # include <stddef.h>
| #else
| # ifdef HAVE_STDLIB_H
| #  include <stdlib.h>
| # endif
| #endif
| #ifdef HAVE_STRING_H
| # if !defined STDC_HEADERS && defined HAVE_MEMORY_H
| #  include <memory.h>
| # endif
| # include <string.h>
| #endif
| #ifdef HAVE_STRINGS_H
| # include <strings.h>
| #endif
| #ifdef HAVE_INTTYPES_H
| # include <inttypes.h>
| #endif
| #ifdef HAVE_STDINT_H
| # include <stdint.h>
| #endif
| #ifdef HAVE_UNISTD_H
| # include <unistd.h>
| #endif
| int
| main ()
| {
| if (sizeof ((pid_t)))
| 	    return 0;
|   ;
|   return 0;
| }
configure:4867: result: yes
configure:4878: checking for size_t
configure:4878: gcc -c -g -O2  conftest.c >&5
configure:4878: $? = 0
configure:4878: gcc -c -g -O2  conftest.c >&5
conftest.c: In function 'main':
conftest.c:63: error: expected expression before ')' token
configure:4878: $? = 1
configure: failed program was:
| /* confdefs.h */
| #define PACKAGE_NAME "lessfs"
| #define PACKAGE_TARNAME "lessfs"
| #define PACKAGE_VERSION "1.0.8"
| #define PACKAGE_STRING "lessfs 1.0.8"
| #define PACKAGE_BUGREPORT "bugs@lessfs.com"
| #define PACKAGE_URL ""
| #define PACKAGE "lessfs"
| #define VERSION "1.0.8"
| #define STDC_HEADERS 1
| #define HAVE_SYS_TYPES_H 1
| #define HAVE_SYS_STAT_H 1
| #define HAVE_STDLIB_H 1
| #define HAVE_STRING_H 1
| #define HAVE_MEMORY_H 1
| #define HAVE_STRINGS_H 1
| #define HAVE_INTTYPES_H 1
| #define HAVE_STDINT_H 1
| #define HAVE_UNISTD_H 1
| #define HAVE_ALLOCA_H 1
| #define HAVE_ALLOCA 1
| #define HAVE_DIRENT_H 1
| #define STDC_HEADERS 1
| #define HAVE__BOOL 1
| #define HAVE_STDBOOL_H 1
| /* end confdefs.h.  */
| #include <stdio.h>
| #ifdef HAVE_SYS_TYPES_H
| # include <sys/types.h>
| #endif
| #ifdef HAVE_SYS_STAT_H
| # include <sys/stat.h>
| #endif
| #ifdef STDC_HEADERS
| # include <stdlib.h>
| # include <stddef.h>
| #else
| # ifdef HAVE_STDLIB_H
| #  include <stdlib.h>
| # endif
| #endif
| #ifdef HAVE_STRING_H
| # if !defined STDC_HEADERS && defined HAVE_MEMORY_H
| #  include <memory.h>
| # endif
| # include <string.h>
| #endif
| #ifdef HAVE_STRINGS_H
| # include <strings.h>
| #endif
| #ifdef HAVE_INTTYPES_H
| # include <inttypes.h>
| #endif
| #ifdef HAVE_STDINT_H
| # include <stdint.h>
| #endif
| #ifdef HAVE_UNISTD_H
| # include <unistd.h>
| #endif
| int
| main ()
| {
| if (sizeof ((size_t)))
| 	    return 0;
|   ;
|   return 0;
| }
configure:4878: result: yes
configure:4889: checking for struct stat.st_blksize
configure:4889: gcc -c -g -O2  conftest.c >&5
configure:4889: $? = 0
configure:4889: result: yes
configure:4899: checking for struct stat.st_blocks
configure:4899: gcc -c -g -O2  conftest.c >&5
configure:4899: $? = 0
configure:4899: result: yes
configure:4919: checking for struct stat.st_rdev
configure:4919: gcc -c -g -O2  conftest.c >&5
configure:4919: $? = 0
configure:4919: result: yes
configure:4929: checking whether time.h and sys/time.h may both be included
configure:4949: gcc -c -g -O2  conftest.c >&5
configure:4949: $? = 0
configure:4956: result: yes
configure:4964: checking for working volatile
configure:4983: gcc -c -g -O2  conftest.c >&5
configure:4983: $? = 0
configure:4990: result: yes
configure:4998: checking for ptrdiff_t
configure:4998: gcc -c -g -O2  conftest.c >&5
configure:4998: $? = 0
configure:4998: gcc -c -g -O2  conftest.c >&5
conftest.c: In function 'main':
conftest.c:68: error: expected expression before ')' token
configure:4998: $? = 1
configure: failed program was:
| /* confdefs.h */
| #define PACKAGE_NAME "lessfs"
| #define PACKAGE_TARNAME "lessfs"
| #define PACKAGE_VERSION "1.0.8"
| #define PACKAGE_STRING "lessfs 1.0.8"
| #define PACKAGE_BUGREPORT "bugs@lessfs.com"
| #define PACKAGE_URL ""
| #define PACKAGE "lessfs"
| #define VERSION "1.0.8"
| #define STDC_HEADERS 1
| #define HAVE_SYS_TYPES_H 1
| #define HAVE_SYS_STAT_H 1
| #define HAVE_STDLIB_H 1
| #define HAVE_STRING_H 1
| #define HAVE_MEMORY_H 1
| #define HAVE_STRINGS_H 1
| #define HAVE_INTTYPES_H 1
| #define HAVE_STDINT_H 1
| #define HAVE_UNISTD_H 1
| #define HAVE_ALLOCA_H 1
| #define HAVE_ALLOCA 1
| #define HAVE_DIRENT_H 1
| #define STDC_HEADERS 1
| #define HAVE__BOOL 1
| #define HAVE_STDBOOL_H 1
| #define HAVE_STRUCT_STAT_ST_BLKSIZE 1
| #define HAVE_STRUCT_STAT_ST_BLOCKS 1
| #define HAVE_ST_BLOCKS 1
| #define HAVE_STRUCT_STAT_ST_RDEV 1
| #define TIME_WITH_SYS_TIME 1
| /* end confdefs.h.  */
| #include <stdio.h>
| #ifdef HAVE_SYS_TYPES_H
| # include <sys/types.h>
| #endif
| #ifdef HAVE_SYS_STAT_H
| # include <sys/stat.h>
| #endif
| #ifdef STDC_HEADERS
| # include <stdlib.h>
| # include <stddef.h>
| #else
| # ifdef HAVE_STDLIB_H
| #  include <stdlib.h>
| # endif
| #endif
| #ifdef HAVE_STRING_H
| # if !defined STDC_HEADERS && defined HAVE_MEMORY_H
| #  include <memory.h>
| # endif
| # include <string.h>
| #endif
| #ifdef HAVE_STRINGS_H
| # include <strings.h>
| #endif
| #ifdef HAVE_INTTYPES_H
| # include <inttypes.h>
| #endif
| #ifdef HAVE_STDINT_H
| # include <stdint.h>
| #endif
| #ifdef HAVE_UNISTD_H
| # include <unistd.h>
| #endif
| int
| main ()
| {
| if (sizeof ((ptrdiff_t)))
| 	    return 0;
|   ;
|   return 0;
| }
configure:4998: result: yes
configure:5010: checking whether closedir returns void
configure:5034: gcc -o conftest -g -O2   conftest.c  >&5
configure:5034: $? = 0
configure:5034: ./conftest
configure:5034: $? = 0
configure:5044: result: no
configure:5054: checking for stdlib.h
configure:5054: result: yes
configure:5064: checking for GNU libc compatible malloc
configure:5088: gcc -o conftest -g -O2   conftest.c  >&5
configure:5088: $? = 0
configure:5088: ./conftest
configure:5088: $? = 0
configure:5098: result: yes
configure:5119: checking for working memcmp
configure:5162: gcc -o conftest -g -O2   conftest.c  >&5
configure:5162: $? = 0
configure:5162: ./conftest
configure:5162: $? = 0
configure:5172: result: yes
configure:5183: checking for stdlib.h
configure:5183: result: yes
configure:5193: checking for GNU libc compatible realloc
configure:5217: gcc -o conftest -g -O2   conftest.c  >&5
configure:5217: $? = 0
configure:5217: ./conftest
configure:5217: $? = 0
configure:5227: result: yes
configure:5251: checking sys/select.h usability
configure:5251: gcc -c -g -O2  conftest.c >&5
configure:5251: $? = 0
configure:5251: result: yes
configure:5251: checking sys/select.h presence
configure:5251: gcc -E  conftest.c
configure:5251: $? = 0
configure:5251: result: yes
configure:5251: checking for sys/select.h
configure:5251: result: yes
configure:5251: checking sys/socket.h usability
configure:5251: gcc -c -g -O2  conftest.c >&5
configure:5251: $? = 0
configure:5251: result: yes
configure:5251: checking sys/socket.h presence
configure:5251: gcc -E  conftest.c
configure:5251: $? = 0
configure:5251: result: yes
configure:5251: checking for sys/socket.h
configure:5251: result: yes
configure:5262: checking types of arguments for select
configure:5290: gcc -c -g -O2  conftest.c >&5
configure:5290: $? = 0
configure:5301: result: int,fd_set *,struct timeval *
configure:5324: checking return type of signal handlers
configure:5342: gcc -c -g -O2  conftest.c >&5
conftest.c: In function 'main':
conftest.c:48: error: void value not ignored as it ought to be
configure:5342: $? = 1
configure: failed program was:
| /* confdefs.h */
| #define PACKAGE_NAME "lessfs"
| #define PACKAGE_TARNAME "lessfs"
| #define PACKAGE_VERSION "1.0.8"
| #define PACKAGE_STRING "lessfs 1.0.8"
| #define PACKAGE_BUGREPORT "bugs@lessfs.com"
| #define PACKAGE_URL ""
| #define PACKAGE "lessfs"
| #define VERSION "1.0.8"
| #define STDC_HEADERS 1
| #define HAVE_SYS_TYPES_H 1
| #define HAVE_SYS_STAT_H 1
| #define HAVE_STDLIB_H 1
| #define HAVE_STRING_H 1
| #define HAVE_MEMORY_H 1
| #define HAVE_STRINGS_H 1
| #define HAVE_INTTYPES_H 1
| #define HAVE_STDINT_H 1
| #define HAVE_UNISTD_H 1
| #define HAVE_ALLOCA_H 1
| #define HAVE_ALLOCA 1
| #define HAVE_DIRENT_H 1
| #define STDC_HEADERS 1
| #define HAVE__BOOL 1
| #define HAVE_STDBOOL_H 1
| #define HAVE_STRUCT_STAT_ST_BLKSIZE 1
| #define HAVE_STRUCT_STAT_ST_BLOCKS 1
| #define HAVE_ST_BLOCKS 1
| #define HAVE_STRUCT_STAT_ST_RDEV 1
| #define TIME_WITH_SYS_TIME 1
| #define HAVE_PTRDIFF_T 1
| #define HAVE_STDLIB_H 1
| #define HAVE_MALLOC 1
| #define HAVE_STDLIB_H 1
| #define HAVE_REALLOC 1
| #define HAVE_SYS_SELECT_H 1
| #define HAVE_SYS_SOCKET_H 1
| #define SELECT_TYPE_ARG1 int
| #define SELECT_TYPE_ARG234 (fd_set *)
| #define SELECT_TYPE_ARG5 (struct timeval *)
| /* end confdefs.h.  */
| #include <sys/types.h>
| #include <signal.h>
| 
| int
| main ()
| {
| return *(signal (0, 0)) (0) == 1;
|   ;
|   return 0;
| }
configure:5349: result: void
configure:5357: checking whether lstat dereferences a symlink specified with a trailing slash
configure:5383: gcc -o conftest -g -O2   conftest.c  >&5
configure:5383: $? = 0
configure:5383: ./conftest
configure:5383: $? = 0
configure:5400: result: yes
configure:5419: checking whether stat accepts an empty string
configure:5439: gcc -o conftest -g -O2   conftest.c  >&5
configure:5439: $? = 0
configure:5439: ./conftest
configure:5439: $? = 0
configure:5449: result: no
configure:5465: checking for working strcoll
configure:5486: gcc -o conftest -g -O2   conftest.c  >&5
configure:5486: $? = 0
configure:5486: ./conftest
configure:5486: $? = 0
configure:5496: result: yes
configure:5507: checking for getpass
configure:5507: gcc -o conftest -g -O2   conftest.c  >&5
configure:5507: $? = 0
configure:5507: result: yes
configure:5507: checking for uname
configure:5507: gcc -o conftest -g -O2   conftest.c  >&5
configure:5507: $? = 0
configure:5507: result: yes
configure:5507: checking for strcasecmp
configure:5507: gcc -o conftest -g -O2   conftest.c  >&5
conftest.c:70: warning: conflicting types for built-in function 'strcasecmp'
configure:5507: $? = 0
configure:5507: result: yes
configure:5507: checking for bzero
configure:5507: gcc -o conftest -g -O2   conftest.c  >&5
conftest.c:71: warning: conflicting types for built-in function 'bzero'
configure:5507: $? = 0
configure:5507: result: yes
configure:5507: checking for gethostbyaddr
configure:5507: gcc -o conftest -g -O2   conftest.c  >&5
configure:5507: $? = 0
configure:5507: result: yes
configure:5507: checking for gethostbyname
configure:5507: gcc -o conftest -g -O2   conftest.c  >&5
configure:5507: $? = 0
configure:5507: result: yes
configure:5507: checking for gettimeofday
configure:5507: gcc -o conftest -g -O2   conftest.c  >&5
configure:5507: $? = 0
configure:5507: result: yes
configure:5507: checking for memmove
configure:5507: gcc -o conftest -g -O2   conftest.c  >&5
conftest.c:75: warning: conflicting types for built-in function 'memmove'
configure:5507: $? = 0
configure:5507: result: yes
configure:5507: checking for memset
configure:5507: gcc -o conftest -g -O2   conftest.c  >&5
conftest.c:76: warning: conflicting types for built-in function 'memset'
configure:5507: $? = 0
configure:5507: result: yes
configure:5507: checking for mkdir
configure:5507: gcc -o conftest -g -O2   conftest.c  >&5
configure:5507: $? = 0
configure:5507: result: yes
configure:5507: checking for select
configure:5507: gcc -o conftest -g -O2   conftest.c  >&5
configure:5507: $? = 0
configure:5507: result: yes
configure:5507: checking for setenv
configure:5507: gcc -o conftest -g -O2   conftest.c  >&5
configure:5507: $? = 0
configure:5507: result: yes
configure:5507: checking for socket
configure:5507: gcc -o conftest -g -O2   conftest.c  >&5
configure:5507: $? = 0
configure:5507: result: yes
configure:5507: checking for strchr
configure:5507: gcc -o conftest -g -O2   conftest.c  >&5
conftest.c:81: warning: conflicting types for built-in function 'strchr'
configure:5507: $? = 0
configure:5507: result: yes
configure:5507: checking for strdup
configure:5507: gcc -o conftest -g -O2   conftest.c  >&5
conftest.c:82: warning: conflicting types for built-in function 'strdup'
configure:5507: $? = 0
configure:5507: result: yes
configure:5507: checking for strerror
configure:5507: gcc -o conftest -g -O2   conftest.c  >&5
configure:5507: $? = 0
configure:5507: result: yes
configure:5507: checking for strrchr
configure:5507: gcc -o conftest -g -O2   conftest.c  >&5
conftest.c:84: warning: conflicting types for built-in function 'strrchr'
configure:5507: $? = 0
configure:5507: result: yes
configure:5507: checking for strstr
configure:5507: gcc -o conftest -g -O2   conftest.c  >&5
conftest.c:85: warning: conflicting types for built-in function 'strstr'
configure:5507: $? = 0
configure:5507: result: yes
configure:5521: checking sys/vfs.h usability
configure:5521: gcc -c -g -O2  conftest.c >&5
configure:5521: $? = 0
configure:5521: result: yes
configure:5521: checking sys/vfs.h presence
configure:5521: gcc -E  conftest.c
configure:5521: $? = 0
configure:5521: result: yes
configure:5521: checking for sys/vfs.h
configure:5521: result: yes
configure:5521: checking arpa/inet.h usability
configure:5521: gcc -c -g -O2  conftest.c >&5
configure:5521: $? = 0
configure:5521: result: yes
configure:5521: checking arpa/inet.h presence
configure:5521: gcc -E  conftest.c
configure:5521: $? = 0
configure:5521: result: yes
configure:5521: checking for arpa/inet.h
configure:5521: result: yes
configure:5521: checking fcntl.h usability
configure:5521: gcc -c -g -O2  conftest.c >&5
configure:5521: $? = 0
configure:5521: result: yes
configure:5521: checking fcntl.h presence
configure:5521: gcc -E  conftest.c
configure:5521: $? = 0
configure:5521: result: yes
configure:5521: checking for fcntl.h
configure:5521: result: yes
configure:5521: checking for inttypes.h
configure:5521: result: yes
configure:5521: checking limits.h usability
configure:5521: gcc -c -g -O2  conftest.c >&5
configure:5521: $? = 0
configure:5521: result: yes
configure:5521: checking limits.h presence
configure:5521: gcc -E  conftest.c
configure:5521: $? = 0
configure:5521: result: yes
configure:5521: checking for limits.h
configure:5521: result: yes
configure:5521: checking malloc.h usability
configure:5521: gcc -c -g -O2  conftest.c >&5
configure:5521: $? = 0
configure:5521: result: yes
configure:5521: checking malloc.h presence
configure:5521: gcc -E  conftest.c
configure:5521: $? = 0
configure:5521: result: yes
configure:5521: checking for malloc.h
configure:5521: result: yes
configure:5521: checking for memory.h
configure:5521: result: yes
configure:5521: checking netdb.h usability
configure:5521: gcc -c -g -O2  conftest.c >&5
configure:5521: $? = 0
configure:5521: result: yes
configure:5521: checking netdb.h presence
configure:5521: gcc -E  conftest.c
configure:5521: $? = 0
configure:5521: result: yes
configure:5521: checking for netdb.h
configure:5521: result: yes
configure:5521: checking netinet/in.h usability
configure:5521: gcc -c -g -O2  conftest.c >&5
configure:5521: $? = 0
configure:5521: result: yes
configure:5521: checking netinet/in.h presence
configure:5521: gcc -E  conftest.c
configure:5521: $? = 0
configure:5521: result: yes
configure:5521: checking for netinet/in.h
configure:5521: result: yes
configure:5521: checking stddef.h usability
configure:5521: gcc -c -g -O2  conftest.c >&5
configure:5521: $? = 0
configure:5521: result: yes
configure:5521: checking stddef.h presence
configure:5521: gcc -E  conftest.c
configure:5521: $? = 0
configure:5521: result: yes
configure:5521: checking for stddef.h
configure:5521: result: yes
configure:5521: checking for stdint.h
configure:5521: result: yes
configure:5521: checking for stdlib.h
configure:5521: result: yes
configure:5521: checking for string.h
configure:5521: result: yes
configure:5521: checking for strings.h
configure:5521: result: yes
configure:5521: checking for sys/socket.h
configure:5521: result: yes
configure:5521: checking sys/time.h usability
configure:5521: gcc -c -g -O2  conftest.c >&5
configure:5521: $? = 0
configure:5521: result: yes
configure:5521: checking sys/time.h presence
configure:5521: gcc -E  conftest.c
configure:5521: $? = 0
configure:5521: result: yes
configure:5521: checking for sys/time.h
configure:5521: result: yes
configure:5521: checking syslog.h usability
configure:5521: gcc -c -g -O2  conftest.c >&5
configure:5521: $? = 0
configure:5521: result: yes
configure:5521: checking syslog.h presence
configure:5521: gcc -E  conftest.c
configure:5521: $? = 0
configure:5521: result: yes
configure:5521: checking for syslog.h
configure:5521: result: yes
configure:5521: checking for unistd.h
configure:5521: result: yes
configure:5521: checking utime.h usability
configure:5521: gcc -c -g -O2  conftest.c >&5
configure:5521: $? = 0
configure:5521: result: yes
configure:5521: checking utime.h presence
configure:5521: gcc -E  conftest.c
configure:5521: $? = 0
configure:5521: result: yes
configure:5521: checking for utime.h
configure:5521: result: yes
configure:5724: checking for pkg-config
configure:5742: found /usr/bin/pkg-config
configure:5754: result: /usr/bin/pkg-config
configure:5779: checking pkg-config is at least version 0.9.0
configure:5782: result: yes
configure:5793: checking for DEPS
configure:5801: $PKG_CONFIG --exists --print-errors "tokyocabinet >= 1.4.21 fuse >= 2.8.0 ${MYDEPS}"
configure:5804: $? = 0
configure:5819: $PKG_CONFIG --exists --print-errors "tokyocabinet >= 1.4.21 fuse >= 2.8.0 ${MYDEPS}"
configure:5822: $? = 0
configure:5877: result: yes
configure:5993: creating ./config.status

## ---------------------- ##
## Running config.status. ##
## ---------------------- ##

This file was extended by lessfs config.status 1.0.8, which was
generated by GNU Autoconf 2.64.  Invocation command line was

  CONFIG_FILES    = 
  CONFIG_HEADERS  = 
  CONFIG_LINKS    = 
  CONFIG_COMMANDS = 
  $ ./config.status 

on jupiter

config.status:909: creating Makefile
config.status:909: creating config.h
config.status:1075: config.h is unchanged
config.status:1122: executing depfiles commands

## ---------------- ##
## Cache variables. ##
## ---------------- ##

ac_cv_c_compiler_gnu=yes
ac_cv_c_const=yes
ac_cv_c_volatile=yes
ac_cv_env_CC_set=
ac_cv_env_CC_value=
ac_cv_env_CFLAGS_set=
ac_cv_env_CFLAGS_value=
ac_cv_env_CPPFLAGS_set=
ac_cv_env_CPPFLAGS_value=
ac_cv_env_CPP_set=
ac_cv_env_CPP_value=
ac_cv_env_DEPS_CFLAGS_set=
ac_cv_env_DEPS_CFLAGS_value=
ac_cv_env_DEPS_LIBS_set=
ac_cv_env_DEPS_LIBS_value=
ac_cv_env_LDFLAGS_set=
ac_cv_env_LDFLAGS_value=
ac_cv_env_LIBS_set=
ac_cv_env_LIBS_value=
ac_cv_env_PKG_CONFIG_set=
ac_cv_env_PKG_CONFIG_value=
ac_cv_env_build_alias_set=
ac_cv_env_build_alias_value=
ac_cv_env_host_alias_set=
ac_cv_env_host_alias_value=
ac_cv_env_target_alias_set=
ac_cv_env_target_alias_value=
ac_cv_func_alloca_works=yes
ac_cv_func_bzero=yes
ac_cv_func_closedir_void=no
ac_cv_func_gethostbyaddr=yes
ac_cv_func_gethostbyname=yes
ac_cv_func_getpass=yes
ac_cv_func_gettimeofday=yes
ac_cv_func_lstat_dereferences_slashed_symlink=yes
ac_cv_func_malloc_0_nonnull=yes
ac_cv_func_memcmp_working=yes
ac_cv_func_memmove=yes
ac_cv_func_memset=yes
ac_cv_func_mkdir=yes
ac_cv_func_realloc_0_nonnull=yes
ac_cv_func_select=yes
ac_cv_func_select_args='int,fd_set *,struct timeval *'
ac_cv_func_setenv=yes
ac_cv_func_socket=yes
ac_cv_func_stat_empty_string_bug=no
ac_cv_func_strcasecmp=yes
ac_cv_func_strchr=yes
ac_cv_func_strcoll_works=yes
ac_cv_func_strdup=yes
ac_cv_func_strerror=yes
ac_cv_func_strrchr=yes
ac_cv_func_strstr=yes
ac_cv_func_uname=yes
ac_cv_header_arpa_inet_h=yes
ac_cv_header_dirent_dirent_h=yes
ac_cv_header_fcntl_h=yes
ac_cv_header_inttypes_h=yes
ac_cv_header_limits_h=yes
ac_cv_header_malloc_h=yes
ac_cv_header_memory_h=yes
ac_cv_header_netdb_h=yes
ac_cv_header_netinet_in_h=yes
ac_cv_header_stdbool_h=yes
ac_cv_header_stdc=yes
ac_cv_header_stddef_h=yes
ac_cv_header_stdint_h=yes
ac_cv_header_stdlib_h=yes
ac_cv_header_string_h=yes
ac_cv_header_strings_h=yes
ac_cv_header_sys_select_h=yes
ac_cv_header_sys_socket_h=yes
ac_cv_header_sys_stat_h=yes
ac_cv_header_sys_time_h=yes
ac_cv_header_sys_types_h=yes
ac_cv_header_sys_vfs_h=yes
ac_cv_header_syslog_h=yes
ac_cv_header_time=yes
ac_cv_header_unistd_h=yes
ac_cv_header_utime_h=yes
ac_cv_member_struct_stat_st_blksize=yes
ac_cv_member_struct_stat_st_blocks=yes
ac_cv_member_struct_stat_st_rdev=yes
ac_cv_objext=o
ac_cv_path_EGREP='/bin/grep -E'
ac_cv_path_GREP=/bin/grep
ac_cv_path_ac_pt_PKG_CONFIG=/usr/bin/pkg-config
ac_cv_path_install='/usr/bin/install -c'
ac_cv_prog_AWK=gawk
ac_cv_prog_CPP='gcc -E'
ac_cv_prog_ac_ct_CC=gcc
ac_cv_prog_cc_c89=
ac_cv_prog_cc_g=yes
ac_cv_prog_cc_gcc_c_o=yes
ac_cv_prog_make_make_set=yes
ac_cv_search_opendir='none required'
ac_cv_type__Bool=yes
ac_cv_type_mode_t=yes
ac_cv_type_off_t=yes
ac_cv_type_pid_t=yes
ac_cv_type_ptrdiff_t=yes
ac_cv_type_signal=void
ac_cv_type_size_t=yes
ac_cv_type_uid_t=yes
ac_cv_working_alloca_h=yes
am_cv_CC_dependencies_compiler_type=gcc3
pkg_cv_DEPS_CFLAGS='-D_FILE_OFFSET_BITS=64 -I/usr/local/include -I/usr/include/fuse  '
pkg_cv_DEPS_LIBS='-pthread -L/usr/local/lib -ltokyocabinet -lbz2 -lz -lpthread -lm -lc -lfuse -lrt -ldl  '

## ----------------- ##
## Output variables. ##
## ----------------- ##

ACLOCAL='${SHELL} /usr/src/lessfs2-0.0.1/missing --run aclocal-1.9'
ALLOCA=''
AMDEPBACKSLASH='\'
AMDEP_FALSE='#'
AMDEP_TRUE=''
AMTAR='${SHELL} /usr/src/lessfs2-0.0.1/missing --run tar'
AUTOCONF='${SHELL} /usr/src/lessfs2-0.0.1/missing --run autoconf'
AUTOHEADER='${SHELL} /usr/src/lessfs2-0.0.1/missing --run autoheader'
AUTOMAKE='${SHELL} /usr/src/lessfs2-0.0.1/missing --run automake-1.9'
AWK='gawk'
CC='gcc'
CCDEPMODE='depmode=gcc3'
CFLAGS='-g -O2'
CPP='gcc -E'
CPPFLAGS=''
CRYPTO_FLAGS=''
CRYPTO_LIBS=''
CYGPATH_W='echo'
DEFS='-DHAVE_CONFIG_H'
DEPDIR='.deps'
DEPS_CFLAGS='-D_FILE_OFFSET_BITS=64 -I/usr/local/include -I/usr/include/fuse  '
DEPS_LIBS='-pthread -L/usr/local/lib -ltokyocabinet -lbz2 -lz -lpthread -lm -lc -lfuse -lrt -ldl  '
ECHO_C=''
ECHO_N='-n'
ECHO_T=''
EGREP='/bin/grep -E'
EXEEXT=''
GREP='/bin/grep'
INSTALL_DATA='${INSTALL} -m 644'
INSTALL_PROGRAM='${INSTALL}'
INSTALL_SCRIPT='${INSTALL}'
INSTALL_STRIP_PROGRAM='${SHELL} $(install_sh) -c -s'
LDFLAGS=''
LIBOBJS=''
LIBS=''
LTLIBOBJS=''
LZO_LIBS=''
MAKEINFO='${SHELL} /usr/src/lessfs2-0.0.1/missing --run makeinfo'
OBJEXT='o'
PACKAGE='lessfs'
PACKAGE_BUGREPORT='bugs@lessfs.com'
PACKAGE_NAME='lessfs'
PACKAGE_STRING='lessfs 1.0.8'
PACKAGE_TARNAME='lessfs'
PACKAGE_URL=''
PACKAGE_VERSION='1.0.8'
PATH_SEPARATOR=':'
PKG_CONFIG='/usr/bin/pkg-config'
SET_MAKE=''
SHELL='/bin/bash'
STRIP=''
VERSION='1.0.8'
ac_ct_CC='gcc'
am__fastdepCC_FALSE='#'
am__fastdepCC_TRUE=''
am__include='include'
am__leading_dot='.'
am__quote=''
am__tar='${AMTAR} chof - "$$tardir"'
am__untar='${AMTAR} xf -'
bindir='${exec_prefix}/bin'
build_alias=''
datadir='${datarootdir}'
datarootdir='${prefix}/share'
docdir='${datarootdir}/doc/${PACKAGE_TARNAME}'
dvidir='${docdir}'
exec_prefix='${prefix}'
host_alias=''
htmldir='${docdir}'
includedir='${prefix}/include'
infodir='${datarootdir}/info'
install_sh='/usr/src/lessfs2-0.0.1/install-sh'
libdir='${exec_prefix}/lib'
libexecdir='${exec_prefix}/libexec'
localedir='${datarootdir}/locale'
localstatedir='${prefix}/var'
mandir='${datarootdir}/man'
mkdir_p='mkdir -p --'
oldincludedir='/usr/include'
pdfdir='${docdir}'
prefix='/usr/local'
program_transform_name='s,x,x,'
psdir='${docdir}'
sbindir='${exec_prefix}/sbin'
sharedstatedir='${prefix}/com'
sysconfdir='${prefix}/etc'
target_alias=''

## ----------- ##
## confdefs.h. ##
## ----------- ##

/* confdefs.h */
#define PACKAGE_NAME "lessfs"
#define PACKAGE_TARNAME "lessfs"
#define PACKAGE_VERSION "1.0.8"
#define PACKAGE_STRING "lessfs 1.0.8"
#define PACKAGE_BUGREPORT "bugs@lessfs.com"
#define PACKAGE_URL ""
#define PACKAGE "lessfs"
#define VERSION "1.0.8"
#define STDC_HEADERS 1
#define HAVE_SYS_TYPES_H 1
#define HAVE_SYS_STAT_H 1
#define HAVE_STDLIB_H 1
#define HAVE_STRING_H 1
#define HAVE_MEMORY_H 1
#define HAVE_STRINGS_H 1
#define HAVE_INTTYPES_H 1
#define HAVE_STDINT_H 1
#define HAVE_UNISTD_H 1
#define HAVE_ALLOCA_H 1
#define HAVE_ALLOCA 1
#define HAVE_DIRENT_H 1
#define STDC_HEADERS 1
#define HAVE__BOOL 1
#define HAVE_STDBOOL_H 1
#define HAVE_STRUCT_STAT_ST_BLKSIZE 1
#define HAVE_STRUCT_STAT_ST_BLOCKS 1
#define HAVE_ST_BLOCKS 1
#define HAVE_STRUCT_STAT_ST_RDEV 1
#define TIME_WITH_SYS_TIME 1
#define HAVE_PTRDIFF_T 1
#define HAVE_STDLIB_H 1
#define HAVE_MALLOC 1
#define HAVE_STDLIB_H 1
#define HAVE_REALLOC 1
#define HAVE_SYS_SELECT_H 1
#define HAVE_SYS_SOCKET_H 1
#define SELECT_TYPE_ARG1 int
#define SELECT_TYPE_ARG234 (fd_set *)
#define SELECT_TYPE_ARG5 (struct timeval *)
#define RETSIGTYPE void
#define LSTAT_FOLLOWS_SLASHED_SYMLINK 1
#define HAVE_STRCOLL 1
#define HAVE_GETPASS 1
#define HAVE_UNAME 1
#define HAVE_STRCASECMP 1
#define HAVE_BZERO 1
#define HAVE_GETHOSTBYADDR 1
#define HAVE_GETHOSTBYNAME 1
#define HAVE_GETTIMEOFDAY 1
#define HAVE_MEMMOVE 1
#define HAVE_MEMSET 1
#define HAVE_MKDIR 1
#define HAVE_SELECT 1
#define HAVE_SETENV 1
#define HAVE_SOCKET 1
#define HAVE_STRCHR 1
#define HAVE_STRDUP 1
#define HAVE_STRERROR 1
#define HAVE_STRRCHR 1
#define HAVE_STRSTR 1
#define HAVE_SYS_VFS_H 1
#define HAVE_ARPA_INET_H 1
#define HAVE_FCNTL_H 1
#define HAVE_INTTYPES_H 1
#define HAVE_LIMITS_H 1
#define HAVE_MALLOC_H 1
#define HAVE_MEMORY_H 1
#define HAVE_NETDB_H 1
#define HAVE_NETINET_IN_H 1
#define HAVE_STDDEF_H 1
#define HAVE_STDINT_H 1
#define HAVE_STDLIB_H 1
#define HAVE_STRING_H 1
#define HAVE_STRINGS_H 1
#define HAVE_SYS_SOCKET_H 1
#define HAVE_SYS_TIME_H 1
#define HAVE_SYSLOG_H 1
#define HAVE_UNISTD_H 1
#define HAVE_UTIME_H 1

configure: exit 0
